2025/04/23 18:58:11 [notice] 1#1: using the "epoll" event method
2025/04/23 18:58:11 [notice] 1#1: nginx/1.27.5
2025/04/23 18:58:11 [notice] 1#1: built by gcc 14.2.0 (Alpine 14.2.0) 
2025/04/23 18:58:11 [notice] 1#1: OS: Linux 6.10.14-linuxkit
2025/04/23 18:58:11 [notice] 1#1: getrlimit(RLIMIT_NOFILE): 1048576:1048576
2025/04/23 18:58:11 [notice] 1#1: start worker processes
2025/04/23 18:58:11 [notice] 1#1: start worker process 29
2025/04/23 18:58:11 [notice] 1#1: start worker process 30
2025/04/23 18:58:11 [notice] 1#1: start worker process 31
2025/04/23 18:58:11 [notice] 1#1: start worker process 32
2025/04/23 18:58:11 [notice] 1#1: start worker process 33
2025/04/23 18:58:11 [notice] 1#1: start worker process 34
2025/04/23 18:58:11 [notice] 1#1: start worker process 35
2025/04/23 18:58:11 [notice] 1#1: start worker process 36
2025/04/23 18:58:11 [notice] 1#1: start worker process 37
2025/04/23 18:58:11 [notice] 1#1: start worker process 38
2025/04/23 18:59:37 [notice] 1#1: signal 3 (SIGQUIT) received, shutting down
2025/04/23 18:59:37 [notice] 29#29: gracefully shutting down
2025/04/23 18:59:37 [notice] 29#29: exiting
2025/04/23 18:59:37 [notice] 31#31: gracefully shutting down
2025/04/23 18:59:37 [notice] 29#29: exit
2025/04/23 18:59:37 [notice] 30#30: gracefully shutting down
2025/04/23 18:59:37 [notice] 30#30: exiting
2025/04/23 18:59:37 [notice] 32#32: gracefully shutting down
2025/04/23 18:59:37 [notice] 32#32: exiting
2025/04/23 18:59:37 [notice] 33#33: gracefully shutting down
2025/04/23 18:59:37 [notice] 32#32: exit
2025/04/23 18:59:37 [notice] 35#35: gracefully shutting down
2025/04/23 18:59:37 [notice] 38#38: gracefully shutting down
2025/04/23 18:59:37 [notice] 37#37: gracefully shutting down
2025/04/23 18:59:37 [notice] 37#37: exiting
2025/04/23 18:59:37 [notice] 36#36: gracefully shutting down
2025/04/23 18:59:37 [notice] 37#37: exit
2025/04/23 18:59:37 [notice] 34#34: gracefully shutting down
2025/04/23 18:59:37 [notice] 31#31: exiting
2025/04/23 18:59:37 [notice] 30#30: exit
2025/04/23 18:59:37 [notice] 33#33: exiting
2025/04/23 18:59:37 [notice] 35#35: exiting
2025/04/23 18:59:37 [notice] 38#38: exiting
2025/04/23 18:59:37 [notice] 36#36: exiting
2025/04/23 18:59:37 [notice] 34#34: exiting
2025/04/23 18:59:37 [notice] 31#31: exit
2025/04/23 18:59:37 [notice] 33#33: exit
2025/04/23 18:59:37 [notice] 35#35: exit
2025/04/23 18:59:37 [notice] 38#38: exit
2025/04/23 18:59:37 [notice] 36#36: exit
2025/04/23 18:59:37 [notice] 34#34: exit
2025/04/23 18:59:37 [notice] 1#1: signal 17 (SIGCHLD) received from 30
2025/04/23 18:59:37 [notice] 1#1: worker process 30 exited with code 0
2025/04/23 18:59:37 [notice] 1#1: worker process 32 exited with code 0
2025/04/23 18:59:37 [notice] 1#1: signal 29 (SIGIO) received
2025/04/23 18:59:37 [notice] 1#1: signal 17 (SIGCHLD) received from 32
2025/04/23 18:59:37 [notice] 1#1: signal 17 (SIGCHLD) received from 33
2025/04/23 18:59:37 [notice] 1#1: worker process 29 exited with code 0
2025/04/23 18:59:37 [notice] 1#1: worker process 31 exited with code 0
2025/04/23 18:59:37 [notice] 1#1: worker process 33 exited with code 0
2025/04/23 18:59:37 [notice] 1#1: worker process 34 exited with code 0
2025/04/23 18:59:37 [notice] 1#1: worker process 35 exited with code 0
2025/04/23 18:59:37 [notice] 1#1: worker process 36 exited with code 0
2025/04/23 18:59:37 [notice] 1#1: worker process 37 exited with code 0
2025/04/23 18:59:37 [notice] 1#1: worker process 38 exited with code 0
2025/04/23 18:59:37 [notice] 1#1: exit
2025/04/23 18:59:39 [notice] 1#1: using the "epoll" event method
2025/04/23 18:59:39 [notice] 1#1: nginx/1.27.5
2025/04/23 18:59:39 [notice] 1#1: built by gcc 14.2.0 (Alpine 14.2.0) 
2025/04/23 18:59:39 [notice] 1#1: OS: Linux 6.10.14-linuxkit
2025/04/23 18:59:39 [notice] 1#1: getrlimit(RLIMIT_NOFILE): 1048576:1048576
2025/04/23 18:59:39 [notice] 1#1: start worker processes
2025/04/23 18:59:39 [notice] 1#1: start worker process 29
2025/04/23 18:59:39 [notice] 1#1: start worker process 30
2025/04/23 18:59:39 [notice] 1#1: start worker process 31
2025/04/23 18:59:39 [notice] 1#1: start worker process 32
2025/04/23 18:59:39 [notice] 1#1: start worker process 33
2025/04/23 18:59:39 [notice] 1#1: start worker process 34
2025/04/23 18:59:39 [notice] 1#1: start worker process 35
2025/04/23 18:59:39 [notice] 1#1: start worker process 36
2025/04/23 18:59:39 [notice] 1#1: start worker process 37
2025/04/23 18:59:39 [notice] 1#1: start worker process 38
2025/04/23 19:07:10 [notice] 1#1: signal 3 (SIGQUIT) received, shutting down
2025/04/23 19:07:10 [notice] 29#29: gracefully shutting down
2025/04/23 19:07:10 [notice] 35#35: gracefully shutting down
2025/04/23 19:07:10 [notice] 30#30: gracefully shutting down
2025/04/23 19:07:10 [notice] 31#31: gracefully shutting down
2025/04/23 19:07:10 [notice] 31#31: exiting
2025/04/23 19:07:10 [notice] 32#32: gracefully shutting down
2025/04/23 19:07:10 [notice] 32#32: exiting
2025/04/23 19:07:10 [notice] 33#33: gracefully shutting down
2025/04/23 19:07:10 [notice] 34#34: gracefully shutting down
2025/04/23 19:07:10 [notice] 37#37: gracefully shutting down
2025/04/23 19:07:10 [notice] 37#37: exiting
2025/04/23 19:07:10 [notice] 38#38: gracefully shutting down
2025/04/23 19:07:10 [notice] 37#37: exit
2025/04/23 19:07:10 [notice] 36#36: gracefully shutting down
2025/04/23 19:07:10 [notice] 29#29: exiting
2025/04/23 19:07:10 [notice] 35#35: exiting
2025/04/23 19:07:10 [notice] 30#30: exiting
2025/04/23 19:07:10 [notice] 31#31: exit
2025/04/23 19:07:10 [notice] 32#32: exit
2025/04/23 19:07:10 [notice] 33#33: exiting
2025/04/23 19:07:10 [notice] 34#34: exiting
2025/04/23 19:07:10 [notice] 38#38: exiting
2025/04/23 19:07:10 [notice] 34#34: exit
2025/04/23 19:07:10 [notice] 36#36: exiting
2025/04/23 19:07:10 [notice] 29#29: exit
2025/04/23 19:07:10 [notice] 36#36: exit
2025/04/23 19:07:10 [notice] 35#35: exit
2025/04/23 19:07:10 [notice] 30#30: exit
2025/04/23 19:07:10 [notice] 33#33: exit
2025/04/23 19:07:10 [notice] 38#38: exit
2025/04/23 19:07:10 [notice] 1#1: signal 17 (SIGCHLD) received from 38
2025/04/23 19:07:10 [notice] 1#1: worker process 32 exited with code 0
2025/04/23 19:07:10 [notice] 1#1: worker process 33 exited with code 0
2025/04/23 19:07:10 [notice] 1#1: worker process 34 exited with code 0
2025/04/23 19:07:10 [notice] 1#1: worker process 38 exited with code 0
2025/04/23 19:07:10 [notice] 1#1: signal 29 (SIGIO) received
2025/04/23 19:07:10 [notice] 1#1: signal 17 (SIGCHLD) received from 33
2025/04/23 19:07:10 [notice] 1#1: signal 17 (SIGCHLD) received from 37
2025/04/23 19:07:10 [notice] 1#1: worker process 30 exited with code 0
2025/04/23 19:07:10 [notice] 1#1: worker process 31 exited with code 0
2025/04/23 19:07:10 [notice] 1#1: worker process 35 exited with code 0
2025/04/23 19:07:10 [notice] 1#1: worker process 36 exited with code 0
2025/04/23 19:07:10 [notice] 1#1: worker process 37 exited with code 0
2025/04/23 19:07:10 [notice] 1#1: signal 29 (SIGIO) received
2025/04/23 19:07:10 [notice] 1#1: signal 17 (SIGCHLD) received from 31
2025/04/23 19:07:10 [notice] 1#1: signal 17 (SIGCHLD) received from 29
2025/04/23 19:07:10 [notice] 1#1: worker process 29 exited with code 0
2025/04/23 19:07:10 [notice] 1#1: exit
2025/04/23 19:07:11 [notice] 1#1: using the "epoll" event method
2025/04/23 19:07:11 [notice] 1#1: nginx/1.27.5
2025/04/23 19:07:11 [notice] 1#1: built by gcc 14.2.0 (Alpine 14.2.0) 
2025/04/23 19:07:11 [notice] 1#1: OS: Linux 6.10.14-linuxkit
2025/04/23 19:07:11 [notice] 1#1: getrlimit(RLIMIT_NOFILE): 1048576:1048576
2025/04/23 19:07:11 [notice] 1#1: start worker processes
2025/04/23 19:07:11 [notice] 1#1: start worker process 29
2025/04/23 19:07:11 [notice] 1#1: start worker process 30
2025/04/23 19:07:11 [notice] 1#1: start worker process 31
2025/04/23 19:07:11 [notice] 1#1: start worker process 32
2025/04/23 19:07:11 [notice] 1#1: start worker process 33
2025/04/23 19:07:11 [notice] 1#1: start worker process 34
2025/04/23 19:07:11 [notice] 1#1: start worker process 35
2025/04/23 19:07:11 [notice] 1#1: start worker process 36
2025/04/23 19:07:11 [notice] 1#1: start worker process 37
2025/04/23 19:07:11 [notice] 1#1: start worker process 38
2025/04/23 19:16:51 [notice] 1#1: signal 3 (SIGQUIT) received, shutting down
2025/04/23 19:16:51 [notice] 29#29: gracefully shutting down
2025/04/23 19:16:51 [notice] 30#30: gracefully shutting down
2025/04/23 19:16:51 [notice] 31#31: gracefully shutting down
2025/04/23 19:16:51 [notice] 31#31: exiting
2025/04/23 19:16:51 [notice] 32#32: gracefully shutting down
2025/04/23 19:16:51 [notice] 33#33: gracefully shutting down
2025/04/23 19:16:51 [notice] 37#37: gracefully shutting down
2025/04/23 19:16:51 [notice] 37#37: exiting
2025/04/23 19:16:51 [notice] 36#36: gracefully shutting down
2025/04/23 19:16:51 [notice] 37#37: exit
2025/04/23 19:16:51 [notice] 34#34: gracefully shutting down
2025/04/23 19:16:51 [notice] 34#34: exiting
2025/04/23 19:16:51 [notice] 38#38: gracefully shutting down
2025/04/23 19:16:51 [notice] 35#35: gracefully shutting down
2025/04/23 19:16:51 [notice] 29#29: exiting
2025/04/23 19:16:51 [notice] 30#30: exiting
2025/04/23 19:16:51 [notice] 29#29: exit
2025/04/23 19:16:51 [notice] 31#31: exit
2025/04/23 19:16:51 [notice] 32#32: exiting
2025/04/23 19:16:51 [notice] 33#33: exiting
2025/04/23 19:16:51 [notice] 36#36: exiting
2025/04/23 19:16:51 [notice] 33#33: exit
2025/04/23 19:16:51 [notice] 34#34: exit
2025/04/23 19:16:51 [notice] 38#38: exiting
2025/04/23 19:16:51 [notice] 35#35: exiting
2025/04/23 19:16:51 [notice] 38#38: exit
2025/04/23 19:16:51 [notice] 30#30: exit
2025/04/23 19:16:51 [notice] 32#32: exit
2025/04/23 19:16:51 [notice] 36#36: exit
2025/04/23 19:16:51 [notice] 35#35: exit
2025/04/23 19:16:51 [notice] 1#1: signal 17 (SIGCHLD) received from 33
2025/04/23 19:16:51 [notice] 1#1: worker process 31 exited with code 0
2025/04/23 19:16:51 [notice] 1#1: worker process 33 exited with code 0
2025/04/23 19:16:51 [notice] 1#1: worker process 35 exited with code 0
2025/04/23 19:16:51 [notice] 1#1: signal 29 (SIGIO) received
2025/04/23 19:16:51 [notice] 1#1: signal 17 (SIGCHLD) received from 35
2025/04/23 19:16:51 [notice] 1#1: signal 17 (SIGCHLD) received from 34
2025/04/23 19:16:51 [notice] 1#1: worker process 34 exited with code 0
2025/04/23 19:16:51 [notice] 1#1: worker process 38 exited with code 0
2025/04/23 19:16:51 [notice] 1#1: signal 29 (SIGIO) received
2025/04/23 19:16:51 [notice] 1#1: signal 17 (SIGCHLD) received from 30
2025/04/23 19:16:51 [notice] 1#1: worker process 29 exited with code 0
2025/04/23 19:16:51 [notice] 1#1: worker process 30 exited with code 0
2025/04/23 19:16:51 [notice] 1#1: signal 29 (SIGIO) received
2025/04/23 19:16:51 [notice] 1#1: signal 17 (SIGCHLD) received from 37
2025/04/23 19:16:51 [notice] 1#1: worker process 32 exited with code 0
2025/04/23 19:16:51 [notice] 1#1: worker process 36 exited with code 0
2025/04/23 19:16:51 [notice] 1#1: worker process 37 exited with code 0
2025/04/23 19:16:51 [notice] 1#1: exit
2025/04/23 19:16:53 [notice] 1#1: using the "epoll" event method
2025/04/23 19:16:53 [notice] 1#1: nginx/1.27.5
2025/04/23 19:16:53 [notice] 1#1: built by gcc 14.2.0 (Alpine 14.2.0) 
2025/04/23 19:16:53 [notice] 1#1: OS: Linux 6.10.14-linuxkit
2025/04/23 19:16:53 [notice] 1#1: getrlimit(RLIMIT_NOFILE): 1048576:1048576
2025/04/23 19:16:53 [notice] 1#1: start worker processes
2025/04/23 19:16:53 [notice] 1#1: start worker process 28
2025/04/23 19:16:53 [notice] 1#1: start worker process 29
2025/04/23 19:16:53 [notice] 1#1: start worker process 30
2025/04/23 19:16:53 [notice] 1#1: start worker process 31
2025/04/23 19:16:53 [notice] 1#1: start worker process 32
2025/04/23 19:16:53 [notice] 1#1: start worker process 33
2025/04/23 19:16:53 [notice] 1#1: start worker process 34
2025/04/23 19:16:53 [notice] 1#1: start worker process 35
2025/04/23 19:16:53 [notice] 1#1: start worker process 36
2025/04/23 19:16:53 [notice] 1#1: start worker process 37
2025/04/23 19:20:40 [notice] 1#1: signal 3 (SIGQUIT) received, shutting down
2025/04/23 19:20:40 [notice] 28#28: gracefully shutting down
2025/04/23 19:20:40 [notice] 29#29: gracefully shutting down
2025/04/23 19:20:40 [notice] 30#30: gracefully shutting down
2025/04/23 19:20:40 [notice] 30#30: exiting
2025/04/23 19:20:40 [notice] 31#31: gracefully shutting down
2025/04/23 19:20:40 [notice] 31#31: exiting
2025/04/23 19:20:40 [notice] 33#33: gracefully shutting down
2025/04/23 19:20:40 [notice] 33#33: exiting
2025/04/23 19:20:40 [notice] 34#34: gracefully shutting down
2025/04/23 19:20:40 [notice] 33#33: exit
2025/04/23 19:20:40 [notice] 37#37: gracefully shutting down
2025/04/23 19:20:40 [notice] 35#35: gracefully shutting down
2025/04/23 19:20:40 [notice] 32#32: gracefully shutting down
2025/04/23 19:20:40 [notice] 36#36: gracefully shutting down
2025/04/23 19:20:40 [notice] 28#28: exiting
2025/04/23 19:20:40 [notice] 29#29: exiting
2025/04/23 19:20:40 [notice] 30#30: exit
2025/04/23 19:20:40 [notice] 31#31: exit
2025/04/23 19:20:40 [notice] 34#34: exiting
2025/04/23 19:20:40 [notice] 37#37: exiting
2025/04/23 19:20:40 [notice] 34#34: exit
2025/04/23 19:20:40 [notice] 35#35: exiting
2025/04/23 19:20:40 [notice] 32#32: exiting
2025/04/23 19:20:40 [notice] 35#35: exit
2025/04/23 19:20:40 [notice] 36#36: exiting
2025/04/23 19:20:40 [notice] 28#28: exit
2025/04/23 19:20:40 [notice] 29#29: exit
2025/04/23 19:20:40 [notice] 37#37: exit
2025/04/23 19:20:40 [notice] 32#32: exit
2025/04/23 19:20:40 [notice] 36#36: exit
2025/04/23 19:20:40 [notice] 1#1: signal 17 (SIGCHLD) received from 33
2025/04/23 19:20:40 [notice] 1#1: worker process 30 exited with code 0
2025/04/23 19:20:40 [notice] 1#1: worker process 33 exited with code 0
2025/04/23 19:20:40 [notice] 1#1: worker process 35 exited with code 0
2025/04/23 19:20:40 [notice] 1#1: signal 29 (SIGIO) received
2025/04/23 19:20:40 [notice] 1#1: signal 17 (SIGCHLD) received from 35
2025/04/23 19:20:40 [notice] 1#1: signal 17 (SIGCHLD) received from 31
2025/04/23 19:20:40 [notice] 1#1: worker process 29 exited with code 0
2025/04/23 19:20:40 [notice] 1#1: worker process 28 exited with code 0
2025/04/23 19:20:40 [notice] 1#1: worker process 31 exited with code 0
2025/04/23 19:20:40 [notice] 1#1: worker process 32 exited with code 0
2025/04/23 19:20:40 [notice] 1#1: worker process 34 exited with code 0
2025/04/23 19:20:40 [notice] 1#1: worker process 36 exited with code 0
2025/04/23 19:20:40 [notice] 1#1: worker process 37 exited with code 0
2025/04/23 19:20:40 [notice] 1#1: exit
2025/04/23 19:20:41 [notice] 1#1: using the "epoll" event method
2025/04/23 19:20:41 [notice] 1#1: nginx/1.27.5
2025/04/23 19:20:41 [notice] 1#1: built by gcc 14.2.0 (Alpine 14.2.0) 
2025/04/23 19:20:41 [notice] 1#1: OS: Linux 6.10.14-linuxkit
2025/04/23 19:20:41 [notice] 1#1: getrlimit(RLIMIT_NOFILE): 1048576:1048576
2025/04/23 19:20:41 [notice] 1#1: start worker processes
2025/04/23 19:20:41 [notice] 1#1: start worker process 29
2025/04/23 19:20:41 [notice] 1#1: start worker process 30
2025/04/23 19:20:41 [notice] 1#1: start worker process 31
2025/04/23 19:20:41 [notice] 1#1: start worker process 32
2025/04/23 19:20:41 [notice] 1#1: start worker process 33
2025/04/23 19:20:41 [notice] 1#1: start worker process 34
2025/04/23 19:20:41 [notice] 1#1: start worker process 35
2025/04/23 19:20:41 [notice] 1#1: start worker process 36
2025/04/23 19:20:41 [notice] 1#1: start worker process 37
2025/04/23 19:20:41 [notice] 1#1: start worker process 38
2025/04/23 19:24:32 [notice] 1#1: signal 3 (SIGQUIT) received, shutting down
2025/04/23 19:24:32 [notice] 29#29: gracefully shutting down
2025/04/23 19:24:32 [notice] 30#30: gracefully shutting down
2025/04/23 19:24:32 [notice] 30#30: exiting
2025/04/23 19:24:32 [notice] 31#31: gracefully shutting down
2025/04/23 19:24:32 [notice] 31#31: exiting
2025/04/23 19:24:32 [notice] 32#32: gracefully shutting down
2025/04/23 19:24:32 [notice] 32#32: exiting
2025/04/23 19:24:32 [notice] 36#36: gracefully shutting down
2025/04/23 19:24:32 [notice] 36#36: exiting
2025/04/23 19:24:32 [notice] 33#33: gracefully shutting down
2025/04/23 19:24:32 [notice] 33#33: exiting
2025/04/23 19:24:32 [notice] 38#38: gracefully shutting down
2025/04/23 19:24:32 [notice] 33#33: exit
2025/04/23 19:24:32 [notice] 35#35: gracefully shutting down
2025/04/23 19:24:32 [notice] 35#35: exiting
2025/04/23 19:24:32 [notice] 34#34: gracefully shutting down
2025/04/23 19:24:32 [notice] 37#37: gracefully shutting down
2025/04/23 19:24:32 [notice] 29#29: exiting
2025/04/23 19:24:32 [notice] 30#30: exit
2025/04/23 19:24:32 [notice] 31#31: exit
2025/04/23 19:24:32 [notice] 32#32: exit
2025/04/23 19:24:32 [notice] 36#36: exit
2025/04/23 19:24:32 [notice] 38#38: exiting
2025/04/23 19:24:32 [notice] 35#35: exit
2025/04/23 19:24:32 [notice] 34#34: exiting
2025/04/23 19:24:32 [notice] 37#37: exiting
2025/04/23 19:24:32 [notice] 29#29: exit
2025/04/23 19:24:32 [notice] 38#38: exit
2025/04/23 19:24:32 [notice] 34#34: exit
2025/04/23 19:24:32 [notice] 37#37: exit
2025/04/23 19:24:32 [notice] 1#1: signal 17 (SIGCHLD) received from 37
2025/04/23 19:24:32 [notice] 1#1: worker process 34 exited with code 0
2025/04/23 19:24:32 [notice] 1#1: worker process 36 exited with code 0
2025/04/23 19:24:32 [notice] 1#1: worker process 37 exited with code 0
2025/04/23 19:24:32 [notice] 1#1: signal 29 (SIGIO) received
2025/04/23 19:24:32 [notice] 1#1: signal 17 (SIGCHLD) received from 36
2025/04/23 19:24:32 [notice] 1#1: signal 17 (SIGCHLD) received from 30
2025/04/23 19:24:32 [notice] 1#1: worker process 30 exited with code 0
2025/04/23 19:24:32 [notice] 1#1: worker process 35 exited with code 0
2025/04/23 19:24:32 [notice] 1#1: worker process 38 exited with code 0
2025/04/23 19:24:32 [notice] 1#1: signal 29 (SIGIO) received
2025/04/23 19:24:32 [notice] 1#1: signal 17 (SIGCHLD) received from 35
2025/04/23 19:24:32 [notice] 1#1: signal 17 (SIGCHLD) received from 32
2025/04/23 19:24:32 [notice] 1#1: worker process 32 exited with code 0
2025/04/23 19:24:32 [notice] 1#1: signal 29 (SIGIO) received
2025/04/23 19:24:32 [notice] 1#1: signal 17 (SIGCHLD) received from 33
2025/04/23 19:24:32 [notice] 1#1: worker process 29 exited with code 0
2025/04/23 19:24:32 [notice] 1#1: worker process 31 exited with code 0
2025/04/23 19:24:32 [notice] 1#1: worker process 33 exited with code 0
2025/04/23 19:24:32 [notice] 1#1: exit
2025/04/23 19:24:33 [notice] 1#1: using the "epoll" event method
2025/04/23 19:24:33 [notice] 1#1: nginx/1.27.5
2025/04/23 19:24:33 [notice] 1#1: built by gcc 14.2.0 (Alpine 14.2.0) 
2025/04/23 19:24:33 [notice] 1#1: OS: Linux 6.10.14-linuxkit
2025/04/23 19:24:33 [notice] 1#1: getrlimit(RLIMIT_NOFILE): 1048576:1048576
2025/04/23 19:24:33 [notice] 1#1: start worker processes
2025/04/23 19:24:33 [notice] 1#1: start worker process 29
2025/04/23 19:24:33 [notice] 1#1: start worker process 30
2025/04/23 19:24:33 [notice] 1#1: start worker process 31
2025/04/23 19:24:33 [notice] 1#1: start worker process 32
2025/04/23 19:24:33 [notice] 1#1: start worker process 33
2025/04/23 19:24:33 [notice] 1#1: start worker process 34
2025/04/23 19:24:33 [notice] 1#1: start worker process 35
2025/04/23 19:24:33 [notice] 1#1: start worker process 36
2025/04/23 19:24:33 [notice] 1#1: start worker process 37
2025/04/23 19:24:33 [notice] 1#1: start worker process 38
2025/04/23 19:31:00 [notice] 1#1: signal 3 (SIGQUIT) received, shutting down
2025/04/23 19:31:00 [notice] 29#29: gracefully shutting down
2025/04/23 19:31:00 [notice] 30#30: gracefully shutting down
2025/04/23 19:31:00 [notice] 31#31: gracefully shutting down
2025/04/23 19:31:00 [notice] 31#31: exiting
2025/04/23 19:31:00 [notice] 32#32: gracefully shutting down
2025/04/23 19:31:00 [notice] 36#36: gracefully shutting down
2025/04/23 19:31:00 [notice] 36#36: exiting
2025/04/23 19:31:00 [notice] 34#34: gracefully shutting down
2025/04/23 19:31:00 [notice] 35#35: gracefully shutting down
2025/04/23 19:31:00 [notice] 35#35: exiting
2025/04/23 19:31:00 [notice] 33#33: gracefully shutting down
2025/04/23 19:31:00 [notice] 35#35: exit
2025/04/23 19:31:00 [notice] 38#38: gracefully shutting down
2025/04/23 19:31:00 [notice] 37#37: gracefully shutting down
2025/04/23 19:31:00 [notice] 29#29: exiting
2025/04/23 19:31:00 [notice] 30#30: exiting
2025/04/23 19:31:00 [notice] 29#29: exit
2025/04/23 19:31:00 [notice] 31#31: exit
2025/04/23 19:31:00 [notice] 32#32: exiting
2025/04/23 19:31:00 [notice] 36#36: exit
2025/04/23 19:31:00 [notice] 32#32: exit
2025/04/23 19:31:00 [notice] 34#34: exiting
2025/04/23 19:31:00 [notice] 33#33: exiting
2025/04/23 19:31:00 [notice] 34#34: exit
2025/04/23 19:31:00 [notice] 38#38: exiting
2025/04/23 19:31:00 [notice] 37#37: exiting
2025/04/23 19:31:00 [notice] 30#30: exit
2025/04/23 19:31:00 [notice] 37#37: exit
2025/04/23 19:31:00 [notice] 33#33: exit
2025/04/23 19:31:00 [notice] 38#38: exit
2025/04/23 19:31:00 [notice] 1#1: signal 17 (SIGCHLD) received from 29
2025/04/23 19:31:00 [notice] 1#1: worker process 29 exited with code 0
2025/04/23 19:31:00 [notice] 1#1: worker process 31 exited with code 0
2025/04/23 19:31:00 [notice] 1#1: worker process 34 exited with code 0
2025/04/23 19:31:00 [notice] 1#1: worker process 37 exited with code 0
2025/04/23 19:31:00 [notice] 1#1: worker process 38 exited with code 0
2025/04/23 19:31:00 [notice] 1#1: signal 29 (SIGIO) received
2025/04/23 19:31:00 [notice] 1#1: signal 17 (SIGCHLD) received from 37
2025/04/23 19:31:00 [notice] 1#1: signal 17 (SIGCHLD) received from 36
2025/04/23 19:31:00 [notice] 1#1: worker process 30 exited with code 0
2025/04/23 19:31:00 [notice] 1#1: worker process 32 exited with code 0
2025/04/23 19:31:00 [notice] 1#1: worker process 35 exited with code 0
2025/04/23 19:31:00 [notice] 1#1: worker process 36 exited with code 0
2025/04/23 19:31:00 [notice] 1#1: signal 29 (SIGIO) received
2025/04/23 19:31:00 [notice] 1#1: signal 17 (SIGCHLD) received from 30
2025/04/23 19:31:00 [notice] 1#1: signal 17 (SIGCHLD) received from 33
2025/04/23 19:31:00 [notice] 1#1: worker process 33 exited with code 0
2025/04/23 19:31:00 [notice] 1#1: exit
2025/04/23 19:31:01 [notice] 1#1: using the "epoll" event method
2025/04/23 19:31:01 [notice] 1#1: nginx/1.27.5
2025/04/23 19:31:01 [notice] 1#1: built by gcc 14.2.0 (Alpine 14.2.0) 
2025/04/23 19:31:01 [notice] 1#1: OS: Linux 6.10.14-linuxkit
2025/04/23 19:31:01 [notice] 1#1: getrlimit(RLIMIT_NOFILE): 1048576:1048576
2025/04/23 19:31:01 [notice] 1#1: start worker processes
2025/04/23 19:31:01 [notice] 1#1: start worker process 29
2025/04/23 19:31:01 [notice] 1#1: start worker process 30
2025/04/23 19:31:01 [notice] 1#1: start worker process 31
2025/04/23 19:31:01 [notice] 1#1: start worker process 32
2025/04/23 19:31:01 [notice] 1#1: start worker process 33
2025/04/23 19:31:01 [notice] 1#1: start worker process 34
2025/04/23 19:31:01 [notice] 1#1: start worker process 35
2025/04/23 19:31:01 [notice] 1#1: start worker process 36
2025/04/23 19:31:01 [notice] 1#1: start worker process 37
2025/04/23 19:31:01 [notice] 1#1: start worker process 38
2025/05/01 06:10:35 [notice] 1#1: using the "epoll" event method
2025/05/01 06:10:35 [notice] 1#1: nginx/1.27.5
2025/05/01 06:10:35 [notice] 1#1: built by gcc 14.2.0 (Alpine 14.2.0) 
2025/05/01 06:10:35 [notice] 1#1: OS: Linux 6.10.14-linuxkit
2025/05/01 06:10:35 [notice] 1#1: getrlimit(RLIMIT_NOFILE): 1048576:1048576
2025/05/01 06:10:35 [notice] 1#1: start worker processes
2025/05/01 06:10:35 [notice] 1#1: start worker process 20
2025/05/01 06:10:35 [notice] 1#1: start worker process 21
2025/05/01 06:10:35 [notice] 1#1: start worker process 22
2025/05/01 06:10:35 [notice] 1#1: start worker process 23
2025/05/01 06:10:35 [notice] 1#1: start worker process 24
2025/05/01 06:10:35 [notice] 1#1: start worker process 25
2025/05/01 06:10:35 [notice] 1#1: start worker process 26
2025/05/01 06:10:35 [notice] 1#1: start worker process 27
2025/05/01 06:10:35 [notice] 1#1: start worker process 28
2025/05/01 06:10:35 [notice] 1#1: start worker process 29
2025/05/01 06:24:45 [notice] 1#1: signal 3 (SIGQUIT) received, shutting down
2025/05/01 06:24:45 [notice] 20#20: gracefully shutting down
2025/05/01 06:24:45 [notice] 23#23: gracefully shutting down
2025/05/01 06:24:45 [notice] 24#24: gracefully shutting down
2025/05/01 06:24:45 [notice] 25#25: gracefully shutting down
2025/05/01 06:24:45 [notice] 21#21: gracefully shutting down
2025/05/01 06:24:45 [notice] 25#25: exiting
2025/05/01 06:24:45 [notice] 22#22: gracefully shutting down
2025/05/01 06:24:45 [notice] 27#27: gracefully shutting down
2025/05/01 06:24:45 [notice] 28#28: gracefully shutting down
2025/05/01 06:24:45 [notice] 26#26: gracefully shutting down
2025/05/01 06:24:45 [notice] 29#29: gracefully shutting down
2025/05/01 06:24:45 [notice] 20#20: exiting
2025/05/01 06:24:45 [notice] 22#22: exiting
2025/05/01 06:24:45 [notice] 23#23: exiting
2025/05/01 06:24:45 [notice] 21#21: exiting
2025/05/01 06:24:45 [notice] 24#24: exiting
2025/05/01 06:24:45 [notice] 21#21: exit
2025/05/01 06:24:45 [notice] 27#27: exiting
2025/05/01 06:24:45 [notice] 26#26: exiting
2025/05/01 06:24:45 [notice] 25#25: exit
2025/05/01 06:24:45 [notice] 29#29: exiting
2025/05/01 06:24:45 [notice] 23#23: exit
2025/05/01 06:24:45 [notice] 20#20: exit
2025/05/01 06:24:45 [notice] 22#22: exit
2025/05/01 06:24:45 [notice] 28#28: exiting
2025/05/01 06:24:45 [notice] 24#24: exit
2025/05/01 06:24:45 [notice] 27#27: exit
2025/05/01 06:24:45 [notice] 26#26: exit
2025/05/01 06:24:45 [notice] 29#29: exit
2025/05/01 06:24:45 [notice] 28#28: exit
2025/05/01 06:24:45 [notice] 1#1: signal 17 (SIGCHLD) received from 22
2025/05/01 06:24:45 [notice] 1#1: worker process 21 exited with code 0
2025/05/01 06:24:45 [notice] 1#1: worker process 22 exited with code 0
2025/05/01 06:24:45 [notice] 1#1: worker process 27 exited with code 0
2025/05/01 06:24:45 [notice] 1#1: signal 29 (SIGIO) received
2025/05/01 06:24:45 [notice] 1#1: signal 17 (SIGCHLD) received from 29
2025/05/01 06:24:45 [notice] 1#1: worker process 29 exited with code 0
2025/05/01 06:24:45 [notice] 1#1: worker process 20 exited with code 0
2025/05/01 06:24:45 [notice] 1#1: worker process 23 exited with code 0
2025/05/01 06:24:45 [notice] 1#1: signal 29 (SIGIO) received
2025/05/01 06:24:45 [notice] 1#1: signal 17 (SIGCHLD) received from 23
2025/05/01 06:24:45 [notice] 1#1: worker process 26 exited with code 0
2025/05/01 06:24:45 [notice] 1#1: signal 29 (SIGIO) received
2025/05/01 06:24:45 [notice] 1#1: signal 17 (SIGCHLD) received from 26
2025/05/01 06:24:46 [notice] 1#1: signal 17 (SIGCHLD) received from 28
2025/05/01 06:24:46 [notice] 1#1: worker process 24 exited with code 0
2025/05/01 06:24:46 [notice] 1#1: worker process 25 exited with code 0
2025/05/01 06:24:46 [notice] 1#1: worker process 28 exited with code 0
2025/05/01 06:24:46 [notice] 1#1: exit
2025/05/01 06:25:43 [notice] 1#1: using the "epoll" event method
2025/05/01 06:25:43 [notice] 1#1: nginx/1.27.5
2025/05/01 06:25:43 [notice] 1#1: built by gcc 14.2.0 (Alpine 14.2.0) 
2025/05/01 06:25:43 [notice] 1#1: OS: Linux 6.10.14-linuxkit
2025/05/01 06:25:43 [notice] 1#1: getrlimit(RLIMIT_NOFILE): 1048576:1048576
2025/05/01 06:25:43 [notice] 1#1: start worker processes
2025/05/01 06:25:43 [notice] 1#1: start worker process 21
2025/05/01 06:25:43 [notice] 1#1: start worker process 22
2025/05/01 06:25:43 [notice] 1#1: start worker process 23
2025/05/01 06:25:43 [notice] 1#1: start worker process 24
2025/05/01 06:25:43 [notice] 1#1: start worker process 25
2025/05/01 06:25:43 [notice] 1#1: start worker process 26
2025/05/01 06:25:43 [notice] 1#1: start worker process 27
2025/05/01 06:25:43 [notice] 1#1: start worker process 28
2025/05/01 06:25:43 [notice] 1#1: start worker process 29
2025/05/01 06:25:43 [notice] 1#1: start worker process 30
2025/05/01 06:28:44 [notice] 1#1: signal 3 (SIGQUIT) received, shutting down
2025/05/01 06:28:44 [notice] 22#22: gracefully shutting down
2025/05/01 06:28:44 [notice] 21#21: gracefully shutting down
2025/05/01 06:28:44 [notice] 24#24: gracefully shutting down
2025/05/01 06:28:44 [notice] 23#23: gracefully shutting down
2025/05/01 06:28:44 [notice] 25#25: gracefully shutting down
2025/05/01 06:28:44 [notice] 23#23: exiting
2025/05/01 06:28:44 [notice] 26#26: gracefully shutting down
2025/05/01 06:28:44 [notice] 22#22: exiting
2025/05/01 06:28:44 [notice] 27#27: gracefully shutting down
2025/05/01 06:28:44 [notice] 30#30: gracefully shutting down
2025/05/01 06:28:44 [notice] 29#29: gracefully shutting down
2025/05/01 06:28:44 [notice] 28#28: gracefully shutting down
2025/05/01 06:28:44 [notice] 29#29: exiting
2025/05/01 06:28:44 [notice] 21#21: exiting
2025/05/01 06:28:44 [notice] 24#24: exiting
2025/05/01 06:28:44 [notice] 25#25: exiting
2025/05/01 06:28:44 [notice] 26#26: exiting
2025/05/01 06:28:44 [notice] 22#22: exit
2025/05/01 06:28:44 [notice] 23#23: exit
2025/05/01 06:28:44 [notice] 27#27: exiting
2025/05/01 06:28:44 [notice] 30#30: exiting
2025/05/01 06:28:44 [notice] 29#29: exit
2025/05/01 06:28:44 [notice] 28#28: exiting
2025/05/01 06:28:44 [notice] 21#21: exit
2025/05/01 06:28:44 [notice] 24#24: exit
2025/05/01 06:28:44 [notice] 28#28: exit
2025/05/01 06:28:44 [notice] 25#25: exit
2025/05/01 06:28:44 [notice] 26#26: exit
2025/05/01 06:28:44 [notice] 27#27: exit
2025/05/01 06:28:44 [notice] 30#30: exit
2025/05/01 06:28:44 [notice] 1#1: signal 17 (SIGCHLD) received from 26
2025/05/01 06:28:44 [notice] 1#1: worker process 23 exited with code 0
2025/05/01 06:28:44 [notice] 1#1: worker process 24 exited with code 0
2025/05/01 06:28:44 [notice] 1#1: worker process 25 exited with code 0
2025/05/01 06:28:44 [notice] 1#1: worker process 26 exited with code 0
2025/05/01 06:28:44 [notice] 1#1: signal 29 (SIGIO) received
2025/05/01 06:28:44 [notice] 1#1: signal 17 (SIGCHLD) received from 23
2025/05/01 06:28:44 [notice] 1#1: signal 17 (SIGCHLD) received from 29
2025/05/01 06:28:44 [notice] 1#1: worker process 29 exited with code 0
2025/05/01 06:28:44 [notice] 1#1: worker process 21 exited with code 0
2025/05/01 06:28:44 [notice] 1#1: worker process 28 exited with code 0
2025/05/01 06:28:44 [notice] 1#1: signal 29 (SIGIO) received
2025/05/01 06:28:44 [notice] 1#1: signal 17 (SIGCHLD) received from 28
2025/05/01 06:28:44 [notice] 1#1: signal 17 (SIGCHLD) received from 22
2025/05/01 06:28:44 [notice] 1#1: worker process 22 exited with code 0
2025/05/01 06:28:44 [notice] 1#1: worker process 30 exited with code 0
2025/05/01 06:28:44 [notice] 1#1: signal 29 (SIGIO) received
2025/05/01 06:28:44 [notice] 1#1: signal 17 (SIGCHLD) received from 27
2025/05/01 06:28:44 [notice] 1#1: worker process 27 exited with code 0
2025/05/01 06:28:44 [notice] 1#1: exit
2025/05/01 06:29:44 [notice] 1#1: using the "epoll" event method
2025/05/01 06:29:44 [notice] 1#1: nginx/1.27.5
2025/05/01 06:29:44 [notice] 1#1: built by gcc 14.2.0 (Alpine 14.2.0) 
2025/05/01 06:29:44 [notice] 1#1: OS: Linux 6.10.14-linuxkit
2025/05/01 06:29:44 [notice] 1#1: getrlimit(RLIMIT_NOFILE): 1048576:1048576
2025/05/01 06:29:44 [notice] 1#1: start worker processes
2025/05/01 06:29:44 [notice] 1#1: start worker process 21
2025/05/01 06:29:44 [notice] 1#1: start worker process 22
2025/05/01 06:29:44 [notice] 1#1: start worker process 23
2025/05/01 06:29:44 [notice] 1#1: start worker process 24
2025/05/01 06:29:44 [notice] 1#1: start worker process 25
2025/05/01 06:29:44 [notice] 1#1: start worker process 26
2025/05/01 06:29:44 [notice] 1#1: start worker process 27
2025/05/01 06:29:44 [notice] 1#1: start worker process 28
2025/05/01 06:29:44 [notice] 1#1: start worker process 29
2025/05/01 06:29:44 [notice] 1#1: start worker process 30
2025/05/01 06:39:43 [notice] 1#1: signal 3 (SIGQUIT) received, shutting down
2025/05/01 06:39:43 [notice] 22#22: gracefully shutting down
2025/05/01 06:39:43 [notice] 29#29: gracefully shutting down
2025/05/01 06:39:43 [notice] 25#25: gracefully shutting down
2025/05/01 06:39:43 [notice] 28#28: gracefully shutting down
2025/05/01 06:39:43 [notice] 30#30: gracefully shutting down
2025/05/01 06:39:43 [notice] 29#29: exiting
2025/05/01 06:39:43 [notice] 23#23: gracefully shutting down
2025/05/01 06:39:43 [notice] 21#21: gracefully shutting down
2025/05/01 06:39:43 [notice] 27#27: gracefully shutting down
2025/05/01 06:39:43 [notice] 22#22: exiting
2025/05/01 06:39:43 [notice] 24#24: gracefully shutting down
2025/05/01 06:39:43 [notice] 26#26: gracefully shutting down
2025/05/01 06:39:43 [notice] 25#25: exiting
2025/05/01 06:39:43 [notice] 28#28: exiting
2025/05/01 06:39:43 [notice] 30#30: exiting
2025/05/01 06:39:43 [notice] 25#25: exit
2025/05/01 06:39:43 [notice] 23#23: exiting
2025/05/01 06:39:43 [notice] 29#29: exit
2025/05/01 06:39:43 [notice] 21#21: exiting
2025/05/01 06:39:43 [notice] 22#22: exit
2025/05/01 06:39:43 [notice] 27#27: exiting
2025/05/01 06:39:43 [notice] 24#24: exiting
2025/05/01 06:39:43 [notice] 27#27: exit
2025/05/01 06:39:43 [notice] 26#26: exiting
2025/05/01 06:39:43 [notice] 28#28: exit
2025/05/01 06:39:43 [notice] 26#26: exit
2025/05/01 06:39:43 [notice] 30#30: exit
2025/05/01 06:39:43 [notice] 23#23: exit
2025/05/01 06:39:43 [notice] 21#21: exit
2025/05/01 06:39:43 [notice] 24#24: exit
2025/05/01 06:39:43 [notice] 1#1: signal 17 (SIGCHLD) received from 25
2025/05/01 06:39:43 [notice] 1#1: worker process 21 exited with code 0
2025/05/01 06:39:43 [notice] 1#1: worker process 23 exited with code 0
2025/05/01 06:39:43 [notice] 1#1: worker process 25 exited with code 0
2025/05/01 06:39:43 [notice] 1#1: worker process 26 exited with code 0
2025/05/01 06:39:43 [notice] 1#1: worker process 29 exited with code 0
2025/05/01 06:39:43 [notice] 1#1: signal 29 (SIGIO) received
2025/05/01 06:39:43 [notice] 1#1: signal 17 (SIGCHLD) received from 24
2025/05/01 06:39:43 [notice] 1#1: worker process 22 exited with code 0
2025/05/01 06:39:43 [notice] 1#1: worker process 24 exited with code 0
2025/05/01 06:39:43 [notice] 1#1: worker process 28 exited with code 0
2025/05/01 06:39:43 [notice] 1#1: worker process 30 exited with code 0
2025/05/01 06:39:43 [notice] 1#1: signal 29 (SIGIO) received
2025/05/01 06:39:43 [notice] 1#1: signal 17 (SIGCHLD) received from 22
2025/05/01 06:39:43 [notice] 1#1: signal 17 (SIGCHLD) received from 27
2025/05/01 06:39:43 [notice] 1#1: worker process 27 exited with code 0
2025/05/01 06:39:43 [notice] 1#1: exit
2025/05/01 06:40:51 [notice] 1#1: using the "epoll" event method
2025/05/01 06:40:51 [notice] 1#1: nginx/1.27.5
2025/05/01 06:40:51 [notice] 1#1: built by gcc 14.2.0 (Alpine 14.2.0) 
2025/05/01 06:40:51 [notice] 1#1: OS: Linux 6.10.14-linuxkit
2025/05/01 06:40:51 [notice] 1#1: getrlimit(RLIMIT_NOFILE): 1048576:1048576
2025/05/01 06:40:51 [notice] 1#1: start worker processes
2025/05/01 06:40:51 [notice] 1#1: start worker process 22
2025/05/01 06:40:51 [notice] 1#1: start worker process 23
2025/05/01 06:40:51 [notice] 1#1: start worker process 24
2025/05/01 06:40:51 [notice] 1#1: start worker process 25
2025/05/01 06:40:51 [notice] 1#1: start worker process 26
2025/05/01 06:40:51 [notice] 1#1: start worker process 27
2025/05/01 06:40:51 [notice] 1#1: start worker process 28
2025/05/01 06:40:51 [notice] 1#1: start worker process 29
2025/05/01 06:40:51 [notice] 1#1: start worker process 30
2025/05/01 06:40:51 [notice] 1#1: start worker process 31
2025/05/01 06:48:23 [notice] 1#1: signal 3 (SIGQUIT) received, shutting down
2025/05/01 06:48:23 [notice] 22#22: gracefully shutting down
2025/05/01 06:48:23 [notice] 27#27: gracefully shutting down
2025/05/01 06:48:23 [notice] 24#24: gracefully shutting down
2025/05/01 06:48:23 [notice] 23#23: gracefully shutting down
2025/05/01 06:48:23 [notice] 27#27: exiting
2025/05/01 06:48:23 [notice] 26#26: gracefully shutting down
2025/05/01 06:48:23 [notice] 25#25: gracefully shutting down
2025/05/01 06:48:23 [notice] 31#31: gracefully shutting down
2025/05/01 06:48:23 [notice] 28#28: gracefully shutting down
2025/05/01 06:48:23 [notice] 30#30: gracefully shutting down
2025/05/01 06:48:23 [notice] 29#29: gracefully shutting down
2025/05/01 06:48:23 [notice] 22#22: exiting
2025/05/01 06:48:23 [notice] 24#24: exiting
2025/05/01 06:48:23 [notice] 28#28: exiting
2025/05/01 06:48:23 [notice] 23#23: exiting
2025/05/01 06:48:23 [notice] 24#24: exit
2025/05/01 06:48:23 [notice] 27#27: exit
2025/05/01 06:48:23 [notice] 26#26: exiting
2025/05/01 06:48:23 [notice] 25#25: exiting
2025/05/01 06:48:23 [notice] 31#31: exiting
2025/05/01 06:48:23 [notice] 25#25: exit
2025/05/01 06:48:23 [notice] 30#30: exiting
2025/05/01 06:48:23 [notice] 22#22: exit
2025/05/01 06:48:23 [notice] 29#29: exiting
2025/05/01 06:48:23 [notice] 29#29: exit
2025/05/01 06:48:23 [notice] 28#28: exit
2025/05/01 06:48:23 [notice] 23#23: exit
2025/05/01 06:48:23 [notice] 26#26: exit
2025/05/01 06:48:23 [notice] 31#31: exit
2025/05/01 06:48:23 [notice] 30#30: exit
2025/05/01 06:48:23 [notice] 1#1: signal 17 (SIGCHLD) received from 27
2025/05/01 06:48:23 [notice] 1#1: worker process 22 exited with code 0
2025/05/01 06:48:23 [notice] 1#1: worker process 23 exited with code 0
2025/05/01 06:48:23 [notice] 1#1: worker process 24 exited with code 0
2025/05/01 06:48:23 [notice] 1#1: worker process 25 exited with code 0
2025/05/01 06:48:23 [notice] 1#1: worker process 26 exited with code 0
2025/05/01 06:48:23 [notice] 1#1: worker process 27 exited with code 0
2025/05/01 06:48:23 [notice] 1#1: worker process 28 exited with code 0
2025/05/01 06:48:23 [notice] 1#1: worker process 29 exited with code 0
2025/05/01 06:48:23 [notice] 1#1: worker process 31 exited with code 0
2025/05/01 06:48:23 [notice] 1#1: signal 29 (SIGIO) received
2025/05/01 06:48:23 [notice] 1#1: signal 17 (SIGCHLD) received from 24
2025/05/01 06:48:23 [notice] 1#1: signal 17 (SIGCHLD) received from 30
2025/05/01 06:48:23 [notice] 1#1: worker process 30 exited with code 0
2025/05/01 06:48:23 [notice] 1#1: exit
2025/05/01 06:48:40 [notice] 1#1: using the "epoll" event method
2025/05/01 06:48:40 [notice] 1#1: nginx/1.27.5
2025/05/01 06:48:40 [notice] 1#1: built by gcc 14.2.0 (Alpine 14.2.0) 
2025/05/01 06:48:40 [notice] 1#1: OS: Linux 6.10.14-linuxkit
2025/05/01 06:48:40 [notice] 1#1: getrlimit(RLIMIT_NOFILE): 1048576:1048576
2025/05/01 06:48:40 [notice] 1#1: start worker processes
2025/05/01 06:48:40 [notice] 1#1: start worker process 21
2025/05/01 06:48:40 [notice] 1#1: start worker process 22
2025/05/01 06:48:40 [notice] 1#1: start worker process 23
2025/05/01 06:48:40 [notice] 1#1: start worker process 24
2025/05/01 06:48:40 [notice] 1#1: start worker process 25
2025/05/01 06:48:40 [notice] 1#1: start worker process 26
2025/05/01 06:48:40 [notice] 1#1: start worker process 27
2025/05/01 06:48:40 [notice] 1#1: start worker process 28
2025/05/01 06:48:40 [notice] 1#1: start worker process 29
2025/05/01 06:48:40 [notice] 1#1: start worker process 30
2025/05/01 06:56:42 [notice] 1#1: signal 3 (SIGQUIT) received, shutting down
2025/05/01 06:56:42 [notice] 21#21: gracefully shutting down
2025/05/01 06:56:42 [notice] 22#22: gracefully shutting down
2025/05/01 06:56:42 [notice] 30#30: gracefully shutting down
2025/05/01 06:56:42 [notice] 24#24: gracefully shutting down
2025/05/01 06:56:42 [notice] 23#23: gracefully shutting down
2025/05/01 06:56:42 [notice] 26#26: gracefully shutting down
2025/05/01 06:56:42 [notice] 25#25: gracefully shutting down
2025/05/01 06:56:42 [notice] 27#27: gracefully shutting down
2025/05/01 06:56:42 [notice] 28#28: gracefully shutting down
2025/05/01 06:56:42 [notice] 29#29: gracefully shutting down
2025/05/01 06:56:42 [notice] 21#21: exiting
2025/05/01 06:56:42 [notice] 22#22: exiting
2025/05/01 06:56:42 [notice] 30#30: exiting
2025/05/01 06:56:42 [notice] 24#24: exiting
2025/05/01 06:56:42 [notice] 23#23: exiting
2025/05/01 06:56:42 [notice] 25#25: exiting
2025/05/01 06:56:42 [notice] 26#26: exiting
2025/05/01 06:56:42 [notice] 27#27: exiting
2025/05/01 06:56:42 [notice] 28#28: exiting
2025/05/01 06:56:42 [notice] 29#29: exiting
2025/05/01 06:56:42 [notice] 24#24: exit
2025/05/01 06:56:42 [notice] 28#28: exit
2025/05/01 06:56:42 [notice] 30#30: exit
2025/05/01 06:56:42 [notice] 22#22: exit
2025/05/01 06:56:42 [notice] 21#21: exit
2025/05/01 06:56:42 [notice] 23#23: exit
2025/05/01 06:56:42 [notice] 25#25: exit
2025/05/01 06:56:42 [notice] 26#26: exit
2025/05/01 06:56:42 [notice] 27#27: exit
2025/05/01 06:56:42 [notice] 29#29: exit
2025/05/01 06:56:42 [notice] 1#1: signal 17 (SIGCHLD) received from 28
2025/05/01 06:56:42 [notice] 1#1: worker process 21 exited with code 0
2025/05/01 06:56:42 [notice] 1#1: worker process 22 exited with code 0
2025/05/01 06:56:42 [notice] 1#1: worker process 23 exited with code 0
2025/05/01 06:56:42 [notice] 1#1: worker process 24 exited with code 0
2025/05/01 06:56:42 [notice] 1#1: worker process 25 exited with code 0
2025/05/01 06:56:42 [notice] 1#1: worker process 26 exited with code 0
2025/05/01 06:56:42 [notice] 1#1: worker process 28 exited with code 0
2025/05/01 06:56:42 [notice] 1#1: worker process 30 exited with code 0
2025/05/01 06:56:42 [notice] 1#1: signal 29 (SIGIO) received
2025/05/01 06:56:42 [notice] 1#1: signal 17 (SIGCHLD) received from 23
2025/05/01 06:56:42 [notice] 1#1: signal 17 (SIGCHLD) received from 29
2025/05/01 06:56:42 [notice] 1#1: worker process 29 exited with code 0
2025/05/01 06:56:42 [notice] 1#1: signal 29 (SIGIO) received
2025/05/01 06:56:42 [notice] 1#1: signal 17 (SIGCHLD) received from 27
2025/05/01 06:56:42 [notice] 1#1: worker process 27 exited with code 0
2025/05/01 06:56:42 [notice] 1#1: exit
2025/05/01 06:56:56 [notice] 1#1: using the "epoll" event method
2025/05/01 06:56:56 [notice] 1#1: nginx/1.27.5
2025/05/01 06:56:56 [notice] 1#1: built by gcc 14.2.0 (Alpine 14.2.0) 
2025/05/01 06:56:56 [notice] 1#1: OS: Linux 6.10.14-linuxkit
2025/05/01 06:56:56 [notice] 1#1: getrlimit(RLIMIT_NOFILE): 1048576:1048576
2025/05/01 06:56:56 [notice] 1#1: start worker processes
2025/05/01 06:56:56 [notice] 1#1: start worker process 20
2025/05/01 06:56:56 [notice] 1#1: start worker process 21
2025/05/01 06:56:56 [notice] 1#1: start worker process 22
2025/05/01 06:56:56 [notice] 1#1: start worker process 23
2025/05/01 06:56:56 [notice] 1#1: start worker process 24
2025/05/01 06:56:56 [notice] 1#1: start worker process 25
2025/05/01 06:56:56 [notice] 1#1: start worker process 26
2025/05/01 06:56:56 [notice] 1#1: start worker process 27
2025/05/01 06:56:56 [notice] 1#1: start worker process 28
2025/05/01 06:56:56 [notice] 1#1: start worker process 29
2025/05/01 07:03:02 [notice] 1#1: signal 3 (SIGQUIT) received, shutting down
2025/05/01 07:03:02 [notice] 20#20: gracefully shutting down
2025/05/01 07:03:02 [notice] 21#21: gracefully shutting down
2025/05/01 07:03:02 [notice] 23#23: gracefully shutting down
2025/05/01 07:03:02 [notice] 22#22: gracefully shutting down
2025/05/01 07:03:02 [notice] 21#21: exiting
2025/05/01 07:03:02 [notice] 24#24: gracefully shutting down
2025/05/01 07:03:02 [notice] 26#26: gracefully shutting down
2025/05/01 07:03:02 [notice] 28#28: gracefully shutting down
2025/05/01 07:03:02 [notice] 25#25: gracefully shutting down
2025/05/01 07:03:02 [notice] 27#27: gracefully shutting down
2025/05/01 07:03:02 [notice] 29#29: gracefully shutting down
2025/05/01 07:03:02 [notice] 20#20: exiting
2025/05/01 07:03:02 [notice] 28#28: exiting
2025/05/01 07:03:02 [notice] 22#22: exiting
2025/05/01 07:03:02 [notice] 23#23: exiting
2025/05/01 07:03:02 [notice] 24#24: exiting
2025/05/01 07:03:02 [notice] 21#21: exit
2025/05/01 07:03:02 [notice] 22#22: exit
2025/05/01 07:03:02 [notice] 26#26: exiting
2025/05/01 07:03:02 [notice] 27#27: exiting
2025/05/01 07:03:02 [notice] 29#29: exiting
2025/05/01 07:03:02 [notice] 20#20: exit
2025/05/01 07:03:02 [notice] 25#25: exiting
2025/05/01 07:03:02 [notice] 27#27: exit
2025/05/01 07:03:02 [notice] 28#28: exit
2025/05/01 07:03:02 [notice] 23#23: exit
2025/05/01 07:03:02 [notice] 25#25: exit
2025/05/01 07:03:02 [notice] 24#24: exit
2025/05/01 07:03:02 [notice] 26#26: exit
2025/05/01 07:03:02 [notice] 29#29: exit
2025/05/01 07:03:02 [notice] 1#1: signal 17 (SIGCHLD) received from 21
2025/05/01 07:03:02 [notice] 1#1: worker process 21 exited with code 0
2025/05/01 07:03:02 [notice] 1#1: worker process 26 exited with code 0
2025/05/01 07:03:02 [notice] 1#1: worker process 27 exited with code 0
2025/05/01 07:03:02 [notice] 1#1: worker process 28 exited with code 0
2025/05/01 07:03:02 [notice] 1#1: signal 29 (SIGIO) received
2025/05/01 07:03:02 [notice] 1#1: signal 17 (SIGCHLD) received from 25
2025/05/01 07:03:02 [notice] 1#1: worker process 24 exited with code 0
2025/05/01 07:03:02 [notice] 1#1: worker process 25 exited with code 0
2025/05/01 07:03:02 [notice] 1#1: worker process 20 exited with code 0
2025/05/01 07:03:02 [notice] 1#1: worker process 22 exited with code 0
2025/05/01 07:03:02 [notice] 1#1: worker process 23 exited with code 0
2025/05/01 07:03:02 [notice] 1#1: worker process 29 exited with code 0
2025/05/01 07:03:02 [notice] 1#1: exit
2025/05/01 07:03:17 [notice] 1#1: using the "epoll" event method
2025/05/01 07:03:17 [notice] 1#1: nginx/1.27.5
2025/05/01 07:03:17 [notice] 1#1: built by gcc 14.2.0 (Alpine 14.2.0) 
2025/05/01 07:03:17 [notice] 1#1: OS: Linux 6.10.14-linuxkit
2025/05/01 07:03:17 [notice] 1#1: getrlimit(RLIMIT_NOFILE): 1048576:1048576
2025/05/01 07:03:17 [notice] 1#1: start worker processes
2025/05/01 07:03:17 [notice] 1#1: start worker process 21
2025/05/01 07:03:17 [notice] 1#1: start worker process 22
2025/05/01 07:03:17 [notice] 1#1: start worker process 23
2025/05/01 07:03:17 [notice] 1#1: start worker process 24
2025/05/01 07:03:17 [notice] 1#1: start worker process 25
2025/05/01 07:03:17 [notice] 1#1: start worker process 26
2025/05/01 07:03:17 [notice] 1#1: start worker process 27
2025/05/01 07:03:17 [notice] 1#1: start worker process 28
2025/05/01 07:03:17 [notice] 1#1: start worker process 29
2025/05/01 07:03:17 [notice] 1#1: start worker process 30
2025/05/01 07:10:16 [notice] 1#1: signal 3 (SIGQUIT) received, shutting down
2025/05/01 07:10:16 [notice] 21#21: gracefully shutting down
2025/05/01 07:10:16 [notice] 26#26: gracefully shutting down
2025/05/01 07:10:16 [notice] 22#22: gracefully shutting down
2025/05/01 07:10:16 [notice] 23#23: gracefully shutting down
2025/05/01 07:10:16 [notice] 24#24: gracefully shutting down
2025/05/01 07:10:16 [notice] 23#23: exiting
2025/05/01 07:10:16 [notice] 25#25: gracefully shutting down
2025/05/01 07:10:16 [notice] 27#27: gracefully shutting down
2025/05/01 07:10:16 [notice] 21#21: exiting
2025/05/01 07:10:16 [notice] 28#28: gracefully shutting down
2025/05/01 07:10:16 [notice] 25#25: exiting
2025/05/01 07:10:16 [notice] 29#29: gracefully shutting down
2025/05/01 07:10:16 [notice] 30#30: gracefully shutting down
2025/05/01 07:10:16 [notice] 25#25: exit
2025/05/01 07:10:16 [notice] 26#26: exiting
2025/05/01 07:10:16 [notice] 28#28: exiting
2025/05/01 07:10:16 [notice] 22#22: exiting
2025/05/01 07:10:16 [notice] 24#24: exiting
2025/05/01 07:10:16 [notice] 23#23: exit
2025/05/01 07:10:16 [notice] 21#21: exit
2025/05/01 07:10:16 [notice] 27#27: exiting
2025/05/01 07:10:16 [notice] 29#29: exiting
2025/05/01 07:10:16 [notice] 30#30: exiting
2025/05/01 07:10:16 [notice] 26#26: exit
2025/05/01 07:10:16 [notice] 30#30: exit
2025/05/01 07:10:16 [notice] 28#28: exit
2025/05/01 07:10:16 [notice] 22#22: exit
2025/05/01 07:10:16 [notice] 24#24: exit
2025/05/01 07:10:16 [notice] 27#27: exit
2025/05/01 07:10:16 [notice] 29#29: exit
2025/05/01 07:10:16 [notice] 1#1: signal 17 (SIGCHLD) received from 25
2025/05/01 07:10:16 [notice] 1#1: worker process 21 exited with code 0
2025/05/01 07:10:16 [notice] 1#1: worker process 22 exited with code 0
2025/05/01 07:10:16 [notice] 1#1: worker process 25 exited with code 0
2025/05/01 07:10:16 [notice] 1#1: worker process 27 exited with code 0
2025/05/01 07:10:16 [notice] 1#1: signal 29 (SIGIO) received
2025/05/01 07:10:16 [notice] 1#1: signal 17 (SIGCHLD) received from 30
2025/05/01 07:10:16 [notice] 1#1: worker process 23 exited with code 0
2025/05/01 07:10:16 [notice] 1#1: worker process 24 exited with code 0
2025/05/01 07:10:16 [notice] 1#1: worker process 26 exited with code 0
2025/05/01 07:10:16 [notice] 1#1: worker process 28 exited with code 0
2025/05/01 07:10:16 [notice] 1#1: worker process 29 exited with code 0
2025/05/01 07:10:16 [notice] 1#1: worker process 30 exited with code 0
2025/05/01 07:10:16 [notice] 1#1: exit
2025/05/01 07:10:24 [notice] 1#1: using the "epoll" event method
2025/05/01 07:10:24 [notice] 1#1: nginx/1.27.5
2025/05/01 07:10:24 [notice] 1#1: built by gcc 14.2.0 (Alpine 14.2.0) 
2025/05/01 07:10:24 [notice] 1#1: OS: Linux 6.10.14-linuxkit
2025/05/01 07:10:24 [notice] 1#1: getrlimit(RLIMIT_NOFILE): 1048576:1048576
2025/05/01 07:10:24 [notice] 1#1: start worker processes
2025/05/01 07:10:24 [notice] 1#1: start worker process 21
2025/05/01 07:10:24 [notice] 1#1: start worker process 22
2025/05/01 07:10:24 [notice] 1#1: start worker process 23
2025/05/01 07:10:24 [notice] 1#1: start worker process 24
2025/05/01 07:10:24 [notice] 1#1: start worker process 25
2025/05/01 07:10:24 [notice] 1#1: start worker process 26
2025/05/01 07:10:24 [notice] 1#1: start worker process 27
2025/05/01 07:10:24 [notice] 1#1: start worker process 28
2025/05/01 07:10:24 [notice] 1#1: start worker process 29
2025/05/01 07:10:24 [notice] 1#1: start worker process 30
2025/05/01 12:35:20 [notice] 1#1: using the "epoll" event method
2025/05/01 12:35:20 [notice] 1#1: nginx/1.27.5
2025/05/01 12:35:20 [notice] 1#1: built by gcc 14.2.0 (Alpine 14.2.0) 
2025/05/01 12:35:20 [notice] 1#1: OS: Linux 6.10.14-linuxkit
2025/05/01 12:35:20 [notice] 1#1: getrlimit(RLIMIT_NOFILE): 1048576:1048576
2025/05/01 12:35:20 [notice] 1#1: start worker processes
2025/05/01 12:35:20 [notice] 1#1: start worker process 21
2025/05/01 12:35:20 [notice] 1#1: start worker process 22
2025/05/01 12:35:20 [notice] 1#1: start worker process 23
2025/05/01 12:35:20 [notice] 1#1: start worker process 24
2025/05/01 12:35:20 [notice] 1#1: start worker process 25
2025/05/01 12:35:20 [notice] 1#1: start worker process 26
2025/05/01 12:35:20 [notice] 1#1: start worker process 27
2025/05/01 12:35:20 [notice] 1#1: start worker process 28
2025/05/01 12:35:20 [notice] 1#1: start worker process 29
2025/05/01 12:35:20 [notice] 1#1: start worker process 30
